<?xml version="1.0" encoding="UTF-8"?>
<testsuite xmlns:xsi="http://www.w3.org/2001/XMLSchema-instance" xsi:noNamespaceSchemaLocation="https://maven.apache.org/surefire/maven-surefire-plugin/xsd/surefire-test-report-3.0.xsd" version="3.0" name="edu.udg.tfg.FileSharing.FileSharingApplicationTests" time="6.906" tests="1" errors="0" skipped="0" failures="0">
  <properties>
[...]
</properties>
  <testcase name="contextLoads" classname="edu.udg.tfg.FileSharing.FileSharingApplicationTests" time="0.433">
    <system-out><![CDATA[18:16:01.364 [main] INFO org.springframework.test.context.support.AnnotationConfigContextLoaderUtils -- Could not detect default configuration classes for test class [edu.udg.tfg.FileSharing.FileSharingApplicationTests]: FileSharingApplicationTests does not declare any static, non-private, non-final, nested classes annotated with @Configuration.
18:16:01.436 [main] INFO org.springframework.boot.test.context.SpringBootTestContextBootstrapper -- Found @SpringBootConfiguration edu.udg.tfg.FileSharing.FileSharingApplication for test class edu.udg.tfg.FileSharing.FileSharingApplicationTests
18:16:01.552 [main] INFO org.springframework.boot.devtools.restart.RestartApplicationListener -- Restart disabled due to context in which it is running

  .   ____          _            __ _ _
 /\\ / ___'_ __ _ _(_)_ __  __ _ \ \ \ \
( ( )\___ | '_ | '_| | '_ \/ _` | \ \ \ \
 \\/  ___)| |_)| | | | | || (_| |  ) ) ) )
  '  |____| .__|_| |_|_| |_\__, | / / / /
 =========|_|==============|___/=/_/_/_/
 :: Spring Boot ::                (v3.2.5)

2024-08-26T18:16:01.853+02:00  INFO 2970688 --- [FileSharing] [           main] e.u.t.F.FileSharingApplicationTests      : Starting FileSharingApplicationTests using Java 18.0.2 with PID 2970688 (started by mpi in /home/mpi/tfg/server/FileSharing)
2024-08-26T18:16:01.854+02:00  INFO 2970688 --- [FileSharing] [           main] e.u.t.F.FileSharingApplicationTests      : No active profile set, falling back to 1 default profile: "default"
2024-08-26T18:16:02.869+02:00  INFO 2970688 --- [FileSharing] [           main] .s.d.r.c.RepositoryConfigurationDelegate : Bootstrapping Spring Data JPA repositories in DEFAULT mode.
2024-08-26T18:16:02.972+02:00  INFO 2970688 --- [FileSharing] [           main] .s.d.r.c.RepositoryConfigurationDelegate : Finished Spring Data repository scanning in 97 ms. Found 1 JPA repository interface.
2024-08-26T18:16:03.236+02:00  INFO 2970688 --- [FileSharing] [           main] o.s.cloud.context.scope.GenericScope     : BeanFactory id=9ff1e845-3803-3dbc-94f4-4f4e795720b4
2024-08-26T18:16:03.557+02:00  WARN 2970688 --- [FileSharing] [           main] trationDelegate$BeanPostProcessorChecker : Bean 'org.springframework.cloud.client.loadbalancer.LoadBalancerAutoConfiguration$DeferringLoadBalancerInterceptorConfig' of type [org.springframework.cloud.client.loadbalancer.LoadBalancerAutoConfiguration$DeferringLoadBalancerInterceptorConfig] is not eligible for getting processed by all BeanPostProcessors (for example: not eligible for auto-proxying). The currently created BeanPostProcessor [lbRestClientPostProcessor] is declared through a non-static factory method on that class; consider declaring it as static instead.
2024-08-26T18:16:03.563+02:00  WARN 2970688 --- [FileSharing] [           main] trationDelegate$BeanPostProcessorChecker : Bean 'deferringLoadBalancerInterceptor' of type [org.springframework.cloud.client.loadbalancer.DeferringLoadBalancerInterceptor] is not eligible for getting processed by all BeanPostProcessors (for example: not eligible for auto-proxying). Is this bean getting eagerly injected into a currently created BeanPostProcessor [lbRestClientPostProcessor]? Check the corresponding BeanPostProcessor declaration and its dependencies.
2024-08-26T18:16:03.772+02:00  INFO 2970688 --- [FileSharing] [           main] o.hibernate.jpa.internal.util.LogHelper  : HHH000204: Processing PersistenceUnitInfo [name: default]
2024-08-26T18:16:03.806+02:00  INFO 2970688 --- [FileSharing] [           main] org.hibernate.Version                    : HHH000412: Hibernate ORM core version 6.4.4.Final
2024-08-26T18:16:03.828+02:00  INFO 2970688 --- [FileSharing] [           main] o.h.c.internal.RegionFactoryInitiator    : HHH000026: Second-level cache disabled
2024-08-26T18:16:03.995+02:00  INFO 2970688 --- [FileSharing] [           main] o.s.o.j.p.SpringPersistenceUnitInfo      : No LoadTimeWeaver setup: ignoring JPA class transformer
2024-08-26T18:16:04.014+02:00  INFO 2970688 --- [FileSharing] [           main] com.zaxxer.hikari.HikariDataSource       : HikariPool-1 - Starting...
2024-08-26T18:16:04.142+02:00  INFO 2970688 --- [FileSharing] [           main] com.zaxxer.hikari.pool.HikariPool        : HikariPool-1 - Added connection org.postgresql.jdbc.PgConnection@5e055ce1
2024-08-26T18:16:04.144+02:00  INFO 2970688 --- [FileSharing] [           main] com.zaxxer.hikari.HikariDataSource       : HikariPool-1 - Start completed.
2024-08-26T18:16:04.778+02:00  INFO 2970688 --- [FileSharing] [           main] o.h.e.t.j.p.i.JtaPlatformInitiator       : HHH000489: No JTA platform available (set 'hibernate.transaction.jta.platform' to enable JTA platform integration)
2024-08-26T18:16:04.806+02:00  INFO 2970688 --- [FileSharing] [           main] j.LocalContainerEntityManagerFactoryBean : Initialized JPA EntityManagerFactory for persistence unit 'default'
2024-08-26T18:16:05.727+02:00  WARN 2970688 --- [FileSharing] [           main] JpaBaseConfiguration$JpaWebConfiguration : spring.jpa.open-in-view is enabled by default. Therefore, database queries may be performed during view rendering. Explicitly configure spring.jpa.open-in-view to disable this warning
2024-08-26T18:16:06.768+02:00  WARN 2970688 --- [FileSharing] [           main] .s.s.UserDetailsServiceAutoConfiguration : 

Using generated security password: cfbfc79f-640b-42e8-a514-c6f2f29e3abf

This generated password is for development use only. Your security configuration must be updated before running your application in production.

2024-08-26T18:16:06.785+02:00  INFO 2970688 --- [FileSharing] [           main] r$InitializeUserDetailsManagerConfigurer : Global AuthenticationManager configured with UserDetailsService bean with name inMemoryUserDetailsManager
2024-08-26T18:16:06.897+02:00  INFO 2970688 --- [FileSharing] [           main] o.s.b.a.e.web.EndpointLinksResolver      : Exposing 2 endpoint(s) beneath base path '/actuator'
2024-08-26T18:16:06.922+02:00  INFO 2970688 --- [FileSharing] [           main] o.s.s.web.DefaultSecurityFilterChain     : Will secure any request with [org.springframework.security.web.session.DisableEncodeUrlFilter@601c953c, org.springframework.security.web.context.request.async.WebAsyncManagerIntegrationFilter@5ca67657, org.springframework.security.web.context.SecurityContextHolderFilter@51a7ee4e, org.springframework.security.web.header.HeaderWriterFilter@2b35dde3, org.springframework.web.filter.CorsFilter@561f982f, org.springframework.security.web.csrf.CsrfFilter@4044f07b, org.springframework.security.web.authentication.logout.LogoutFilter@34e785db, org.springframework.security.web.authentication.UsernamePasswordAuthenticationFilter@4057babc, org.springframework.security.web.authentication.ui.DefaultLoginPageGeneratingFilter@414b5798, org.springframework.security.web.authentication.ui.DefaultLogoutPageGeneratingFilter@3ed79f41, org.springframework.security.web.authentication.www.BasicAuthenticationFilter@9d818b5, org.springframework.security.web.savedrequest.RequestCacheAwareFilter@51f714d1, org.springframework.security.web.servletapi.SecurityContextHolderAwareRequestFilter@260d878a, org.springframework.security.web.authentication.AnonymousAuthenticationFilter@3ae648d2, org.springframework.security.web.access.ExceptionTranslationFilter@cf0e8b4, org.springframework.security.web.access.intercept.AuthorizationFilter@666033b1]
2024-08-26T18:16:07.116+02:00  INFO 2970688 --- [FileSharing] [           main] DiscoveryClientOptionalArgsConfiguration : Eureka HTTP Client uses RestTemplate.
2024-08-26T18:16:07.190+02:00  WARN 2970688 --- [FileSharing] [           main] iguration$LoadBalancerCaffeineWarnLogger : Spring Cloud LoadBalancer is currently working with the default cache. While this cache implementation is useful for development and tests, it's recommended to use Caffeine cache in production.You can switch to using Caffeine cache, by adding it and org.springframework.cache.caffeine.CaffeineCacheManager to the classpath.
2024-08-26T18:16:07.262+02:00  INFO 2970688 --- [FileSharing] [           main] o.s.c.n.eureka.InstanceInfoFactory       : Setting initial instance status as: STARTING
2024-08-26T18:16:07.316+02:00  INFO 2970688 --- [FileSharing] [           main] com.netflix.discovery.DiscoveryClient    : Initializing Eureka in region us-east-1
2024-08-26T18:16:07.319+02:00  INFO 2970688 --- [FileSharing] [           main] c.n.d.s.r.aws.ConfigClusterResolver      : Resolving eureka endpoints via configuration
2024-08-26T18:16:07.334+02:00  INFO 2970688 --- [FileSharing] [           main] com.netflix.discovery.DiscoveryClient    : Disable delta property : false
2024-08-26T18:16:07.334+02:00  INFO 2970688 --- [FileSharing] [           main] com.netflix.discovery.DiscoveryClient    : Single vip registry refresh property : null
2024-08-26T18:16:07.334+02:00  INFO 2970688 --- [FileSharing] [           main] com.netflix.discovery.DiscoveryClient    : Force full registry fetch : false
2024-08-26T18:16:07.335+02:00  INFO 2970688 --- [FileSharing] [           main] com.netflix.discovery.DiscoveryClient    : Application is null : false
2024-08-26T18:16:07.335+02:00  INFO 2970688 --- [FileSharing] [           main] com.netflix.discovery.DiscoveryClient    : Registered Applications size is zero : true
2024-08-26T18:16:07.335+02:00  INFO 2970688 --- [FileSharing] [           main] com.netflix.discovery.DiscoveryClient    : Application version is -1: true
2024-08-26T18:16:07.335+02:00  INFO 2970688 --- [FileSharing] [           main] com.netflix.discovery.DiscoveryClient    : Getting all instance registry info from the eureka server
2024-08-26T18:16:07.520+02:00  INFO 2970688 --- [FileSharing] [           main] com.netflix.discovery.DiscoveryClient    : The response status is 200
2024-08-26T18:16:07.524+02:00  INFO 2970688 --- [FileSharing] [           main] com.netflix.discovery.DiscoveryClient    : Starting heartbeat executor: renew interval is: 30
2024-08-26T18:16:07.527+02:00  INFO 2970688 --- [FileSharing] [           main] c.n.discovery.InstanceInfoReplicator     : InstanceInfoReplicator onDemand update allowed rate per min is 4
2024-08-26T18:16:07.532+02:00  INFO 2970688 --- [FileSharing] [           main] com.netflix.discovery.DiscoveryClient    : Discovery Client initialized at timestamp 1724688967531 with initial instances count: 8
2024-08-26T18:16:07.537+02:00  INFO 2970688 --- [FileSharing] [           main] o.s.c.n.e.s.EurekaServiceRegistry        : Registering application FILESHARING with eureka with status UP
2024-08-26T18:16:07.538+02:00  INFO 2970688 --- [FileSharing] [           main] com.netflix.discovery.DiscoveryClient    : Saw local status change event StatusChangeEvent [timestamp=1724688967538, current=UP, previous=STARTING]
2024-08-26T18:16:07.539+02:00  INFO 2970688 --- [FileSharing] [nfoReplicator-0] com.netflix.discovery.DiscoveryClient    : DiscoveryClient_FILESHARING/FileSharing: registering service...
2024-08-26T18:16:07.543+02:00  INFO 2970688 --- [FileSharing] [           main] o.s.a.r.c.CachingConnectionFactory       : Attempting to connect to: [0.0.0.0:5672]
2024-08-26T18:16:07.596+02:00  INFO 2970688 --- [FileSharing] [nfoReplicator-0] com.netflix.discovery.DiscoveryClient    : DiscoveryClient_FILESHARING/FileSharing - registration status: 204
2024-08-26T18:16:07.600+02:00  INFO 2970688 --- [FileSharing] [           main] o.s.a.r.c.CachingConnectionFactory       : Created new connection: rabbitConnectionFactory#2f6f2d91:0/SimpleConnection@54a0ada1 [delegate=amqp://guest@127.0.1.1:5672/, localPort=55558]
2024-08-26T18:16:07.611+02:00  INFO 2970688 --- [FileSharing] [           main] o.s.amqp.rabbit.core.RabbitAdmin         : Auto-declaring a non-durable, auto-delete, or exclusive Queue (deleteSharing) durable:false, auto-delete:false, exclusive:false. It will be redeclared if the broker stops and is restarted while the connection factory is alive, but all messages will be lost.
2024-08-26T18:16:07.700+02:00  INFO 2970688 --- [FileSharing] [           main] e.u.t.F.FileSharingApplicationTests      : Started FileSharingApplicationTests in 6.16 seconds (process running for 6.872)
]]></system-out>
  </testcase>
</testsuite>