<?xml version="1.0" encoding="UTF-8"?>
<testsuite xmlns:xsi="http://www.w3.org/2001/XMLSchema-instance" xsi:noNamespaceSchemaLocation="https://maven.apache.org/surefire/maven-surefire-plugin/xsd/surefire-test-report-3.0.xsd" version="3.0" name="edu.udg.tfg.HistoryService.HistoryServiceApplicationTests" time="7.057" tests="1" errors="0" skipped="0" failures="0">
  <properties>
[...]
</properties>
  <testcase name="contextLoads" classname="edu.udg.tfg.HistoryService.HistoryServiceApplicationTests" time="0.369">
    <system-out><![CDATA[18:15:42.208 [main] INFO org.springframework.test.context.support.AnnotationConfigContextLoaderUtils -- Could not detect default configuration classes for test class [edu.udg.tfg.HistoryService.HistoryServiceApplicationTests]: HistoryServiceApplicationTests does not declare any static, non-private, non-final, nested classes annotated with @Configuration.
18:15:42.306 [main] INFO org.springframework.boot.test.context.SpringBootTestContextBootstrapper -- Found @SpringBootConfiguration edu.udg.tfg.HistoryService.HistoryServiceApplication for test class edu.udg.tfg.HistoryService.HistoryServiceApplicationTests
18:15:42.408 [main] INFO org.springframework.boot.devtools.restart.RestartApplicationListener -- Restart disabled due to context in which it is running

  .   ____          _            __ _ _
 /\\ / ___'_ __ _ _(_)_ __  __ _ \ \ \ \
( ( )\___ | '_ | '_| | '_ \/ _` | \ \ \ \
 \\/  ___)| |_)| | | | | || (_| |  ) ) ) )
  '  |____| .__|_| |_|_| |_\__, | / / / /
 =========|_|==============|___/=/_/_/_/

 :: Spring Boot ::                (v3.3.3)

2024-08-26T18:15:42.672+02:00  INFO 2970174 --- [HistoryService] [           main] e.u.t.H.HistoryServiceApplicationTests   : Starting HistoryServiceApplicationTests using Java 18.0.2 with PID 2970174 (started by mpi in /home/mpi/tfg/server/HistoryService)
2024-08-26T18:15:42.673+02:00  INFO 2970174 --- [HistoryService] [           main] e.u.t.H.HistoryServiceApplicationTests   : No active profile set, falling back to 1 default profile: "default"
2024-08-26T18:15:43.611+02:00  INFO 2970174 --- [HistoryService] [           main] .s.d.r.c.RepositoryConfigurationDelegate : Bootstrapping Spring Data JPA repositories in DEFAULT mode.
2024-08-26T18:15:43.716+02:00  INFO 2970174 --- [HistoryService] [           main] .s.d.r.c.RepositoryConfigurationDelegate : Finished Spring Data repository scanning in 99 ms. Found 1 JPA repository interface.
2024-08-26T18:15:43.956+02:00  INFO 2970174 --- [HistoryService] [           main] o.s.cloud.context.scope.GenericScope     : BeanFactory id=b8ab0c7c-22b2-3c89-bd88-ff709ce97d0b
2024-08-26T18:15:44.239+02:00  WARN 2970174 --- [HistoryService] [           main] trationDelegate$BeanPostProcessorChecker : Bean 'org.springframework.cloud.client.loadbalancer.LoadBalancerAutoConfiguration$DeferringLoadBalancerInterceptorConfig' of type [org.springframework.cloud.client.loadbalancer.LoadBalancerAutoConfiguration$DeferringLoadBalancerInterceptorConfig] is not eligible for getting processed by all BeanPostProcessors (for example: not eligible for auto-proxying). The currently created BeanPostProcessor [lbRestClientPostProcessor] is declared through a non-static factory method on that class; consider declaring it as static instead.
2024-08-26T18:15:44.243+02:00  WARN 2970174 --- [HistoryService] [           main] trationDelegate$BeanPostProcessorChecker : Bean 'deferringLoadBalancerInterceptor' of type [org.springframework.cloud.client.loadbalancer.DeferringLoadBalancerInterceptor] is not eligible for getting processed by all BeanPostProcessors (for example: not eligible for auto-proxying). Is this bean getting eagerly injected into a currently created BeanPostProcessor [lbRestClientPostProcessor]? Check the corresponding BeanPostProcessor declaration and its dependencies.
2024-08-26T18:15:44.417+02:00  INFO 2970174 --- [HistoryService] [           main] o.hibernate.jpa.internal.util.LogHelper  : HHH000204: Processing PersistenceUnitInfo [name: default]
2024-08-26T18:15:44.457+02:00  INFO 2970174 --- [HistoryService] [           main] org.hibernate.Version                    : HHH000412: Hibernate ORM core version 6.5.2.Final
2024-08-26T18:15:44.481+02:00  INFO 2970174 --- [HistoryService] [           main] o.h.c.internal.RegionFactoryInitiator    : HHH000026: Second-level cache disabled
2024-08-26T18:15:44.699+02:00  INFO 2970174 --- [HistoryService] [           main] o.s.o.j.p.SpringPersistenceUnitInfo      : No LoadTimeWeaver setup: ignoring JPA class transformer
2024-08-26T18:15:44.717+02:00  INFO 2970174 --- [HistoryService] [           main] com.zaxxer.hikari.HikariDataSource       : HikariPool-1 - Starting...
2024-08-26T18:15:44.848+02:00  INFO 2970174 --- [HistoryService] [           main] com.zaxxer.hikari.pool.HikariPool        : HikariPool-1 - Added connection org.postgresql.jdbc.PgConnection@2919aff3
2024-08-26T18:15:44.850+02:00  INFO 2970174 --- [HistoryService] [           main] com.zaxxer.hikari.HikariDataSource       : HikariPool-1 - Start completed.
2024-08-26T18:15:45.696+02:00  INFO 2970174 --- [HistoryService] [           main] o.h.e.t.j.p.i.JtaPlatformInitiator       : HHH000489: No JTA platform available (set 'hibernate.transaction.jta.platform' to enable JTA platform integration)
2024-08-26T18:15:45.740+02:00  INFO 2970174 --- [HistoryService] [           main] j.LocalContainerEntityManagerFactoryBean : Initialized JPA EntityManagerFactory for persistence unit 'default'
2024-08-26T18:15:46.967+02:00  WARN 2970174 --- [HistoryService] [           main] JpaBaseConfiguration$JpaWebConfiguration : spring.jpa.open-in-view is enabled by default. Therefore, database queries may be performed during view rendering. Explicitly configure spring.jpa.open-in-view to disable this warning
2024-08-26T18:15:48.179+02:00  INFO 2970174 --- [HistoryService] [           main] DiscoveryClientOptionalArgsConfiguration : Eureka HTTP Client uses RestTemplate.
2024-08-26T18:15:48.238+02:00  WARN 2970174 --- [HistoryService] [           main] iguration$LoadBalancerCaffeineWarnLogger : Spring Cloud LoadBalancer is currently working with the default cache. While this cache implementation is useful for development and tests, it's recommended to use Caffeine cache in production.You can switch to using Caffeine cache, by adding it and org.springframework.cache.caffeine.CaffeineCacheManager to the classpath.
2024-08-26T18:15:48.266+02:00  INFO 2970174 --- [HistoryService] [           main] o.s.b.a.e.web.EndpointLinksResolver      : Exposing 2 endpoints beneath base path '/actuator'
2024-08-26T18:15:48.339+02:00  INFO 2970174 --- [HistoryService] [           main] o.s.c.n.eureka.InstanceInfoFactory       : Setting initial instance status as: STARTING
2024-08-26T18:15:48.358+02:00  INFO 2970174 --- [HistoryService] [           main] com.netflix.discovery.DiscoveryClient    : Initializing Eureka in region us-east-1
2024-08-26T18:15:48.361+02:00  INFO 2970174 --- [HistoryService] [           main] c.n.d.s.r.aws.ConfigClusterResolver      : Resolving eureka endpoints via configuration
2024-08-26T18:15:48.368+02:00  INFO 2970174 --- [HistoryService] [           main] com.netflix.discovery.DiscoveryClient    : Disable delta property : false
2024-08-26T18:15:48.368+02:00  INFO 2970174 --- [HistoryService] [           main] com.netflix.discovery.DiscoveryClient    : Single vip registry refresh property : null
2024-08-26T18:15:48.368+02:00  INFO 2970174 --- [HistoryService] [           main] com.netflix.discovery.DiscoveryClient    : Force full registry fetch : false
2024-08-26T18:15:48.368+02:00  INFO 2970174 --- [HistoryService] [           main] com.netflix.discovery.DiscoveryClient    : Application is null : false
2024-08-26T18:15:48.368+02:00  INFO 2970174 --- [HistoryService] [           main] com.netflix.discovery.DiscoveryClient    : Registered Applications size is zero : true
2024-08-26T18:15:48.369+02:00  INFO 2970174 --- [HistoryService] [           main] com.netflix.discovery.DiscoveryClient    : Application version is -1: true
2024-08-26T18:15:48.369+02:00  INFO 2970174 --- [HistoryService] [           main] com.netflix.discovery.DiscoveryClient    : Getting all instance registry info from the eureka server
2024-08-26T18:15:48.570+02:00  INFO 2970174 --- [HistoryService] [           main] com.netflix.discovery.DiscoveryClient    : The response status is 200
2024-08-26T18:15:48.571+02:00  INFO 2970174 --- [HistoryService] [           main] com.netflix.discovery.DiscoveryClient    : Starting heartbeat executor: renew interval is: 10
2024-08-26T18:15:48.573+02:00  INFO 2970174 --- [HistoryService] [           main] c.n.discovery.InstanceInfoReplicator     : InstanceInfoReplicator onDemand update allowed rate per min is 4
2024-08-26T18:15:48.574+02:00  INFO 2970174 --- [HistoryService] [           main] com.netflix.discovery.DiscoveryClient    : Discovery Client initialized at timestamp 1724688948574 with initial instances count: 9
2024-08-26T18:15:48.587+02:00  INFO 2970174 --- [HistoryService] [           main] o.s.c.n.e.s.EurekaServiceRegistry        : Registering application HISTORYSERVICE with eureka with status UP
2024-08-26T18:15:48.589+02:00  INFO 2970174 --- [HistoryService] [           main] com.netflix.discovery.DiscoveryClient    : Saw local status change event StatusChangeEvent [timestamp=1724688948589, current=UP, previous=STARTING]
2024-08-26T18:15:48.594+02:00  INFO 2970174 --- [HistoryService] [foReplicator-%d] com.netflix.discovery.DiscoveryClient    : DiscoveryClient_HISTORYSERVICE/HistoryService: registering service...
2024-08-26T18:15:48.599+02:00  INFO 2970174 --- [HistoryService] [           main] o.s.a.r.c.CachingConnectionFactory       : Attempting to connect to: [0.0.0.0:5672]
2024-08-26T18:15:48.634+02:00  INFO 2970174 --- [HistoryService] [foReplicator-%d] com.netflix.discovery.DiscoveryClient    : DiscoveryClient_HISTORYSERVICE/HistoryService - registration status: 204
2024-08-26T18:15:48.634+02:00  INFO 2970174 --- [HistoryService] [           main] o.s.a.r.c.CachingConnectionFactory       : Created new connection: rabbitConnectionFactory#1fdbba0d:0/SimpleConnection@5137526a [delegate=amqp://guest@127.0.1.1:5672/, localPort=59528]
2024-08-26T18:15:48.640+02:00  INFO 2970174 --- [HistoryService] [           main] o.s.amqp.rabbit.core.RabbitAdmin         : Auto-declaring a non-durable, auto-delete, or exclusive Queue (history) durable:false, auto-delete:false, exclusive:false. It will be redeclared if the broker stops and is restarted while the connection factory is alive, but all messages will be lost.
2024-08-26T18:15:48.716+02:00  INFO 2970174 --- [HistoryService] [           main] e.u.t.H.HistoryServiceApplicationTests   : Started HistoryServiceApplicationTests in 6.316 seconds (process running for 7.072)
]]></system-out>
  </testcase>
</testsuite>